<?xml version="1.0" encoding="UTF-8"?>
<!-- Generated by org.testng.reporters.JUnitXMLReporter -->
<testsuite ignored="0" hostname="DESKTOP-UIFKND3" failures="0" tests="4" name="Default test" time="62.972" errors="0" timestamp="2022-10-17T15:30:59 IST">
  <testcase classname="Flexicode.NewPGApplication.loginpage" name="basepagenavigation" time="2.145"/>
  <testcase classname="Flexicode.NewPGApplication.loginpage" name="basepagenavigation" time="2.345"/>
  <testcase classname="Flexicode.NewPGApplication.loginpage" name="basepagenavigation" time="2.228"/>
  <testcase classname="Flexicode.NewPGApplication.loginpage" name="basepagenavigation" time="4.285"/>
</testsuite> <!-- Default test -->
