<?xml version="1.0" encoding="UTF-8"?>
<!-- Generated by org.testng.reporters.JUnitXMLReporter -->
<testsuite ignored="0" hostname="DESKTOP-UIFKND3" failures="0" tests="4" name="Test" time="12.693" errors="0" timestamp="2022-08-30T17:22:41 IST">
  <testcase classname="Flexicode.NewPGApplication.loginpage" name="basepagenavigation" time="1.593"/>
  <testcase classname="Flexicode.NewPGApplication.loginpage" name="basepagenavigation" time="0.232"/>
  <testcase classname="Flexicode.NewPGApplication.loginpage" name="basepagenavigation" time="0.243"/>
  <testcase classname="Flexicode.NewPGApplication.loginpage" name="basepagenavigation" time="0.682"/>
</testsuite> <!-- Test -->
