<?xml version="1.0" encoding="UTF-8"?>
<!-- Generated by org.testng.reporters.JUnitXMLReporter -->
<testsuite ignored="0" hostname="DESKTOP-UIFKND3" failures="0" tests="4" name="Test" time="47.224" errors="0" timestamp="2022-09-30T12:01:16 IST">
  <testcase classname="Flexicode.NewPGApplication.loginpage" name="basepagenavigation" time="2.713"/>
  <testcase classname="Flexicode.NewPGApplication.loginpage" name="basepagenavigation" time="2.58"/>
  <testcase classname="Flexicode.NewPGApplication.loginpage" name="basepagenavigation" time="1.523"/>
  <testcase classname="Flexicode.NewPGApplication.loginpage" name="basepagenavigation" time="2.031"/>
</testsuite> <!-- Test -->
