<?xml version="1.0" encoding="UTF-8"?>
<testng-results ignored="0" total="4" passed="4" failed="0" skipped="0">
  <reporter-output>
  </reporter-output>
  <suite started-at="2022-08-30T17:22:29 IST" name="Suite" finished-at="2022-08-30T17:22:41 IST" duration-ms="12693">
    <groups>
    </groups>
    <test started-at="2022-08-30T17:22:29 IST" name="Test" finished-at="2022-08-30T17:22:41 IST" duration-ms="12693">
      <class name="Flexicode.NewPGApplication.loginpage">
        <test-method is-config="true" signature="initialize()[pri:0, instance:Flexicode.NewPGApplication.loginpage@78691363]" started-at="2022-08-30T17:22:29 IST" name="initialize" finished-at="2022-08-30T17:22:38 IST" duration-ms="9476" status="PASS">
          <reporter-output>
          </reporter-output>
        </test-method> <!-- initialize -->
        <test-method signature="basepagenavigation(java.lang.String,java.lang.String)[pri:0, instance:Flexicode.NewPGApplication.loginpage@78691363]" started-at="2022-08-30T17:22:38 IST" name="basepagenavigation" data-provider="getData" finished-at="2022-08-30T17:22:40 IST" duration-ms="1593" status="PASS">
          <params>
            <param index="0">
              <value>
                <![CDATA[Emp7788]]>
              </value>
            </param>
            <param index="1">
              <value>
                <![CDATA[123@4567]]>
              </value>
            </param>
          </params>
          <reporter-output>
          </reporter-output>
        </test-method> <!-- basepagenavigation -->
        <test-method signature="basepagenavigation(java.lang.String,java.lang.String)[pri:0, instance:Flexicode.NewPGApplication.loginpage@78691363]" started-at="2022-08-30T17:22:40 IST" name="basepagenavigation" data-provider="getData" finished-at="2022-08-30T17:22:40 IST" duration-ms="232" status="PASS">
          <params>
            <param index="0">
              <value>
                <![CDATA[Emp10108]]>
              </value>
            </param>
            <param index="1">
              <value>
                <![CDATA[1234567]]>
              </value>
            </param>
          </params>
          <reporter-output>
          </reporter-output>
        </test-method> <!-- basepagenavigation -->
        <test-method signature="basepagenavigation(java.lang.String,java.lang.String)[pri:0, instance:Flexicode.NewPGApplication.loginpage@78691363]" started-at="2022-08-30T17:22:40 IST" name="basepagenavigation" data-provider="getData" finished-at="2022-08-30T17:22:40 IST" duration-ms="243" status="PASS">
          <params>
            <param index="0">
              <value>
                <![CDATA[Emp123444]]>
              </value>
            </param>
            <param index="1">
              <value>
                <![CDATA[1235678]]>
              </value>
            </param>
          </params>
          <reporter-output>
          </reporter-output>
        </test-method> <!-- basepagenavigation -->
        <test-method signature="basepagenavigation(java.lang.String,java.lang.String)[pri:0, instance:Flexicode.NewPGApplication.loginpage@78691363]" started-at="2022-08-30T17:22:40 IST" name="basepagenavigation" data-provider="getData" finished-at="2022-08-30T17:22:41 IST" duration-ms="682" status="PASS">
          <params>
            <param index="0">
              <value>
                <![CDATA[Emp10108]]>
              </value>
            </param>
            <param index="1">
              <value>
                <![CDATA[123@4567]]>
              </value>
            </param>
          </params>
          <reporter-output>
          </reporter-output>
        </test-method> <!-- basepagenavigation -->
        <test-method is-config="true" signature="quitbrowser()[pri:0, instance:Flexicode.NewPGApplication.loginpage@78691363]" started-at="2022-08-30T17:22:41 IST" name="quitbrowser" finished-at="2022-08-30T17:22:41 IST" duration-ms="377" status="PASS">
          <reporter-output>
          </reporter-output>
        </test-method> <!-- quitbrowser -->
      </class> <!-- Flexicode.NewPGApplication.loginpage -->
    </test> <!-- Test -->
  </suite> <!-- Suite -->
</testng-results>
