<?xml version="1.0" encoding="UTF-8"?>
<testng-results ignored="0" total="4" passed="4" failed="0" skipped="0">
  <reporter-output>
  </reporter-output>
  <suite started-at="2022-12-07T11:05:15 IST" name="Default suite" finished-at="2022-12-07T11:06:16 IST" duration-ms="60854">
    <groups>
    </groups>
    <test started-at="2022-12-07T11:05:15 IST" name="Default test" finished-at="2022-12-07T11:06:16 IST" duration-ms="60854">
      <class name="Flexicode.NewPGApplication.loginpage">
        <test-method is-config="true" signature="launchapplication()[pri:0, instance:Flexicode.NewPGApplication.loginpage@194bcebf]" started-at="2022-12-07T11:05:16 IST" name="launchapplication" finished-at="2022-12-07T11:05:36 IST" duration-ms="20438" status="PASS">
          <reporter-output>
          </reporter-output>
        </test-method> <!-- launchapplication -->
        <test-method signature="basepagenavigation(java.util.HashMap)[pri:0, instance:Flexicode.NewPGApplication.loginpage@194bcebf]" started-at="2022-12-07T11:05:36 IST" name="basepagenavigation" data-provider="getData" finished-at="2022-12-07T11:05:39 IST" duration-ms="3219" status="PASS">
          <params>
            <param index="0">
              <value>
                <![CDATA[{usernameUN=Emp778811, PasswordPWD=123@4567}]]>
              </value>
            </param>
          </params>
          <reporter-output>
          </reporter-output>
        </test-method> <!-- basepagenavigation -->
        <test-method is-config="true" signature="launchapplication()[pri:0, instance:Flexicode.NewPGApplication.loginpage@194bcebf]" started-at="2022-12-07T11:05:39 IST" name="launchapplication" finished-at="2022-12-07T11:05:46 IST" duration-ms="6460" status="PASS">
          <reporter-output>
          </reporter-output>
        </test-method> <!-- launchapplication -->
        <test-method signature="basepagenavigation(java.util.HashMap)[pri:0, instance:Flexicode.NewPGApplication.loginpage@194bcebf]" started-at="2022-12-07T11:05:46 IST" name="basepagenavigation" data-provider="getData" finished-at="2022-12-07T11:05:49 IST" duration-ms="3443" status="PASS">
          <params>
            <param index="0">
              <value>
                <![CDATA[{usernameUN=Emp1010822, PasswordPWD=1234567}]]>
              </value>
            </param>
          </params>
          <reporter-output>
          </reporter-output>
        </test-method> <!-- basepagenavigation -->
        <test-method is-config="true" signature="launchapplication()[pri:0, instance:Flexicode.NewPGApplication.loginpage@194bcebf]" started-at="2022-12-07T11:05:49 IST" name="launchapplication" finished-at="2022-12-07T11:05:57 IST" duration-ms="7461" status="PASS">
          <reporter-output>
          </reporter-output>
        </test-method> <!-- launchapplication -->
        <test-method signature="basepagenavigation(java.util.HashMap)[pri:0, instance:Flexicode.NewPGApplication.loginpage@194bcebf]" started-at="2022-12-07T11:05:57 IST" name="basepagenavigation" data-provider="getData" finished-at="2022-12-07T11:06:00 IST" duration-ms="3603" status="PASS">
          <params>
            <param index="0">
              <value>
                <![CDATA[{usernameUN=Emp12344433, PasswordPWD=1235678}]]>
              </value>
            </param>
          </params>
          <reporter-output>
          </reporter-output>
        </test-method> <!-- basepagenavigation -->
        <test-method is-config="true" signature="launchapplication()[pri:0, instance:Flexicode.NewPGApplication.loginpage@194bcebf]" started-at="2022-12-07T11:06:00 IST" name="launchapplication" finished-at="2022-12-07T11:06:12 IST" duration-ms="12118" status="PASS">
          <reporter-output>
          </reporter-output>
        </test-method> <!-- launchapplication -->
        <test-method signature="basepagenavigation(java.util.HashMap)[pri:0, instance:Flexicode.NewPGApplication.loginpage@194bcebf]" started-at="2022-12-07T11:06:12 IST" name="basepagenavigation" data-provider="getData" finished-at="2022-12-07T11:06:16 IST" duration-ms="3258" status="PASS">
          <params>
            <param index="0">
              <value>
                <![CDATA[{usernameUN=Emp181996, PasswordPWD=123@4567}]]>
              </value>
            </param>
          </params>
          <reporter-output>
          </reporter-output>
        </test-method> <!-- basepagenavigation -->
      </class> <!-- Flexicode.NewPGApplication.loginpage -->
    </test> <!-- Default test -->
  </suite> <!-- Default suite -->
</testng-results>
